
starting run...finished receiving data 
received l1a in error while dips was empty, removing 
received l1a in error while dips was empty, removing 
received l1a in error while dips was empty, removing 
received l1a in error while dips was empty, removing 
received l1a in error while dips was empty, removing 
received l1a in error while dips was empty, removing 
received l1a in error while dips was empty, removing 
received l1a in error while dips was empty, removing 
received l1a in error while dips was empty, removing 
received l1a in error while dips was empty, removing 
received l1a in error while dips was empty, removing 
received l1a in error while dips was empty, removing 
received l1a in error while dips was empty, removing 
received l1a in error while dips was empty, removing 
received l1a in error while dips was empty, removing 
received l1a in error while dips was empty, removing 
received l1a in error while dips was empty, removing 
received l1a in error while dips was empty, removing 
received l1a in error while dips was empty, removing 
received l1a in error while dips was empty, removing 
received l1a in error while dips was empty, removing 
received l1a in error while dips was empty, removing 
received l1a in error while dips was empty, removing 
received l1a in error while dips was empty, removing 
received l1a in error while dips was empty, removing 
received l1a in error while dips was empty, removing 
received l1a in error while dips was empty, removing 
received l1a in error while dips was empty, removing 
received l1a in error while dips was empty, removing 
received l1a in error while dips was empty, removing 
received l1a in error while dips was empty, removing 
received l1a in error while dips was empty, removing 
received l1a in error while dips was empty, removing 
received l1a in error while dips was empty, removing 
received l1a in error while dips was empty, removing 
received l1a in error while dips was empty, removing 
received l1a in error while dips was empty, removing 
received l1a in error while dips was empty, removing 
received l1a in error while dips was empty, removing 
received l1a in error while dips was empty, removing 
received l1a in error while dips was empty, removing 
received l1a in error while dips was empty, removing 
received l1a in error while dips was empty, removing 
received l1a in error while dips was empty, removing 
received l1a in error while dips was empty, removing 
received l1a in error while dips was empty, removing 
received l1a in error while dips was empty, removing 
received l1a in error while dips was empty, removing 
received l1a in error while dips was empty, removing 
received l1a in error while dips was empty, removing 
received l1a in error while dips was empty, removing 
received l1a in error while dips was empty, removing 
received l1a in error while dips was empty, removing 
received l1a in error while dips was empty, removing 
received l1a in error while dips was empty, removing 
1 proper l1as received, 0 bad ones 
Saved data to file florence1.fdf

starting run...finished receiving data 
110 proper l1as received, 0 bad ones 
Saved data to file florence2.fdf

starting run...finished receiving data 
110 proper l1as received, 0 bad ones 
Saved data to file florence3.fdf

starting run...finished receiving data 
110 proper l1as received, 0 bad ones 
Saved data to file fl_4.fdf

starting run...finished receiving data 
110 proper l1as received, 0 bad ones 
Saved data to file fl5.fdf

starting run...finished receiving data 
110 proper l1as received, 0 bad ones 
Saved data to file fl6.fdf

starting run...finished receiving data 
110 proper l1as received, 0 bad ones 
Saved data to file fl_7.fdf

starting run...finished receiving data 
110 proper l1as received, 0 bad ones 
Saved data to file fl_8.fdf

starting run...finished receiving data 
received l1a in error while dips was empty, removing 
received l1a in error while dips was empty, removing 
received l1a in error while dips was empty, removing 
received l1a in error while dips was empty, removing 
102 proper l1as received, 0 bad ones 
Saved data to file fl_9.fdf

starting run...finished receiving data 
received l1a in error while dips was empty, removing 
received l1a in error while dips was empty, removing 
received l1a in error while dips was empty, removing 
104 proper l1as received, 0 bad ones 
Saved data to file fl_9.fdf

starting run...finished receiving data 
received l1a in error while dips was empty, removing 
received l1a in error while dips was empty, removing 
received l1a in error while dips was empty, removing 
received l1a in error while dips was empty, removing 
received l1a in error while dips was empty, removing 
received l1a in error while dips was empty, removing 
received l1a in error while dips was empty, removing 
received l1a in error while dips was empty, removing 
received l1a in error while dips was empty, removing 
received l1a in error while dips was empty, removing 
received l1a in error while dips was empty, removing 
received l1a in error while dips was empty, removing 
received l1a in error while dips was empty, removing 
received l1a in error while dips was empty, removing 
received l1a in error while dips was empty, removing 
received l1a in error while dips was empty, removing 
received l1a in error while dips was empty, removing 
received l1a in error while dips was empty, removing 
received l1a in error while dips was empty, removing 
received l1a in error while dips was empty, removing 
received l1a in error while dips was empty, removing 
received l1a in error while dips was empty, removing 
received l1a in error while dips was empty, removing 
received l1a in error while dips was empty, removing 
received l1a in error while dips was empty, removing 
received l1a in error while dips was empty, removing 
received l1a in error while dips was empty, removing 
received l1a in error while dips was empty, removing 
received l1a in error while dips was empty, removing 
received l1a in error while dips was empty, removing 
received l1a in error while dips was empty, removing 
received l1a in error while dips was empty, removing 
received l1a in error while dips was empty, removing 
received l1a in error while dips was empty, removing 
received l1a in error while dips was empty, removing 
received l1a in error while dips was empty, removing 
received l1a in error while dips was empty, removing 
received l1a in error while dips was empty, removing 
received l1a in error while dips was empty, removing 
received l1a in error while dips was empty, removing 
received l1a in error while dips was empty, removing 
received l1a in error while dips was empty, removing 
received l1a in error while dips was empty, removing 
received l1a in error while dips was empty, removing 
received l1a in error while dips was empty, removing 
received l1a in error while dips was empty, removing 
received l1a in error while dips was empty, removing 
received l1a in error while dips was empty, removing 
received l1a in error while dips was empty, removing 
received l1a in error while dips was empty, removing 
received l1a in error while dips was empty, removing 
received l1a in error while dips was empty, removing 
received l1a in error while dips was empty, removing 
received l1a in error while dips was empty, removing 
received l1a in error while dips was empty, removing 
0 proper l1as received, 0 bad ones 
Saved data to file fl_9.fdf

starting run...finished receiving data 
received l1a in error while dips was empty, removing 
received l1a in error while dips was empty, removing 
received l1a in error while dips was empty, removing 
received l1a in error while dips was empty, removing 
received l1a in error while dips was empty, removing 
received l1a in error while dips was empty, removing 
received l1a in error while dips was empty, removing 
received l1a in error while dips was empty, removing 
received l1a in error while dips was empty, removing 
received l1a in error while dips was empty, removing 
received l1a in error while dips was empty, removing 
received l1a in error while dips was empty, removing 
received l1a in error while dips was empty, removing 
received l1a in error while dips was empty, removing 
received l1a in error while dips was empty, removing 
received l1a in error while dips was empty, removing 
received l1a in error while dips was empty, removing 
received l1a in error while dips was empty, removing 
received l1a in error while dips was empty, removing 
received l1a in error while dips was empty, removing 
received l1a in error while dips was empty, removing 
received l1a in error while dips was empty, removing 
received l1a in error while dips was empty, removing 
received l1a in error while dips was empty, removing 
received l1a in error while dips was empty, removing 
received l1a in error while dips was empty, removing 
received l1a in error while dips was empty, removing 
received l1a in error while dips was empty, removing 
received l1a in error while dips was empty, removing 
received l1a in error while dips was empty, removing 
received l1a in error while dips was empty, removing 
received l1a in error while dips was empty, removing 
received l1a in error while dips was empty, removing 
received l1a in error while dips was empty, removing 
received l1a in error while dips was empty, removing 
received l1a in error while dips was empty, removing 
received l1a in error while dips was empty, removing 
received l1a in error while dips was empty, removing 
received l1a in error while dips was empty, removing 
received l1a in error while dips was empty, removing 
received l1a in error while dips was empty, removing 
received l1a in error while dips was empty, removing 
received l1a in error while dips was empty, removing 
received l1a in error while dips was empty, removing 
received l1a in error while dips was empty, removing 
received l1a in error while dips was empty, removing 
received l1a in error while dips was empty, removing 
received l1a in error while dips was empty, removing 
received l1a in error while dips was empty, removing 
received l1a in error while dips was empty, removing 
received l1a in error while dips was empty, removing 
received l1a in error while dips was empty, removing 
received l1a in error while dips was empty, removing 
received l1a in error while dips was empty, removing 
received l1a in error while dips was empty, removing 
0 proper l1as received, 0 bad ones 
Saved data to file fl_10.fdf

starting run...finished receiving data 
110 proper l1as received, 0 bad ones 
Saved data to file fl_11.fdf

starting run...finished receiving data 
110 proper l1as received, 0 bad ones 
user chose not to save data 

starting run...finished receiving data 
received l1a in error while dips was empty, removing 
received l1a in error while dips was empty, removing 
received l1a in error while dips was empty, removing 
received l1a in error while dips was empty, removing 
received l1a in error while dips was empty, removing 
received l1a in error while dips was empty, removing 
received l1a in error while dips was empty, removing 
received l1a in error while dips was empty, removing 
94 proper l1as received, 0 bad ones 
Saved data to file fl_12.fdf

starting run...finished receiving data 
received l1a in error while dips was empty, removing 
received l1a in error while dips was empty, removing 
received l1a in error while dips was empty, removing 
received l1a in error while dips was empty, removing 
received l1a in error while dips was empty, removing 
received l1a in error while dips was empty, removing 
received l1a in error while dips was empty, removing 
received l1a in error while dips was empty, removing 
received l1a in error while dips was empty, removing 
received l1a in error while dips was empty, removing 
received l1a in error while dips was empty, removing 
received l1a in error while dips was empty, removing 
received l1a in error while dips was empty, removing 
received l1a in error while dips was empty, removing 
received l1a in error while dips was empty, removing 
received l1a in error while dips was empty, removing 
received l1a in error while dips was empty, removing 
received l1a in error while dips was empty, removing 
received l1a in error while dips was empty, removing 
received l1a in error while dips was empty, removing 
received l1a in error while dips was empty, removing 
received l1a in error while dips was empty, removing 
received l1a in error while dips was empty, removing 
received l1a in error while dips was empty, removing 
received l1a in error while dips was empty, removing 
received l1a in error while dips was empty, removing 
received l1a in error while dips was empty, removing 
received l1a in error while dips was empty, removing 
received l1a in error while dips was empty, removing 
received l1a in error while dips was empty, removing 
received l1a in error while dips was empty, removing 
received l1a in error while dips was empty, removing 
received l1a in error while dips was empty, removing 
received l1a in error while dips was empty, removing 
received l1a in error while dips was empty, removing 
received l1a in error while dips was empty, removing 
received l1a in error while dips was empty, removing 
received l1a in error while dips was empty, removing 
received l1a in error while dips was empty, removing 
received l1a in error while dips was empty, removing 
received l1a in error while dips was empty, removing 
received l1a in error while dips was empty, removing 
received l1a in error while dips was empty, removing 
received l1a in error while dips was empty, removing 
received l1a in error while dips was empty, removing 
received l1a in error while dips was empty, removing 
received l1a in error while dips was empty, removing 
received l1a in error while dips was empty, removing 
received l1a in error while dips was empty, removing 
received l1a in error while dips was empty, removing 
received l1a in error while dips was empty, removing 
received l1a in error while dips was empty, removing 
received l1a in error while dips was empty, removing 
received l1a in error while dips was empty, removing 
received l1a in error while dips was empty, removing 
0 proper l1as received, 0 bad ones 
user chose not to save data 

starting run...finished receiving data 
received l1a in error while dips was empty, removing 
received l1a in error while dips was empty, removing 
received l1a in error while dips was empty, removing 
received l1a in error while dips was empty, removing 
received l1a in error while dips was empty, removing 
received l1a in error while dips was empty, removing 
received l1a in error while dips was empty, removing 
received l1a in error while dips was empty, removing 
received l1a in error while dips was empty, removing 
received l1a in error while dips was empty, removing 
received l1a in error while dips was empty, removing 
received l1a in error while dips was empty, removing 
received l1a in error while dips was empty, removing 
received l1a in error while dips was empty, removing 
received l1a in error while dips was empty, removing 
received l1a in error while dips was empty, removing 
received l1a in error while dips was empty, removing 
received l1a in error while dips was empty, removing 
received l1a in error while dips was empty, removing 
received l1a in error while dips was empty, removing 
received l1a in error while dips was empty, removing 
68 proper l1as received, 0 bad ones 
Saved data to file fl_13.fdf

starting run...finished receiving data 
110 proper l1as received, 0 bad ones 
Saved data to file fl_0630_1.fdf

starting run...finished receiving data 
110 proper l1as received, 0 bad ones 
Saved data to file fl_13.fdf
